# JRE version: OpenJDK Runtime Environment Temurin-17.0.1+12 (17.0.1+12) (build 17.0.1+12)
# Java VM: OpenJDK 64-Bit Server VM Temurin-17.0.1+12 (17.0.1+12, mixed mode, tiered, compressed oops, compressed class ptrs, g1 gc, windows-amd64)
GC Precious Log:
 CPUs: 4 total, 4 available
 Memory: 4007M
 Large Page Support: Disabled
 NUMA Support: Disabled
 Compressed Oops: Enabled (32-bit)
 Heap Region Size: 1M
 Heap Min Capacity: 8M
 Heap Initial Capacity: 64M
 Heap Max Capacity: 1002M
 Pre-touch: Disabled
 Parallel Workers: 4
 Concurrent Workers: 1
 Concurrent Refinement Workers: 4
 Periodic GC: Disabled
Heap:
 garbage-first heap   total 48128K, used 28617K [0x00000000c1600000, 0x0000000100000000)
  region size 1024K, 7 young (7168K), 2 survivors (2048K)
 Metaspace       used 47947K, committed 48320K, reserved 1097728K
  class space    used 6020K, committed 6208K, reserved 1048576K
GC Heap History (20 events):
Event: 79.419 GC heap before
{Heap before GC invocations=7 (full 0):
 garbage-first heap   total 48128K, used 32892K [0x00000000c1600000, 0x0000000100000000)
  region size 1024K, 20 young (20480K), 1 survivors (1024K)
 Metaspace       used 26466K, committed 26688K, reserved 1073152K
  class space    used 3057K, committed 3136K, reserved 1048576K
}
Event: 79.423 GC heap after
{Heap after GC invocations=8 (full 0):
 garbage-first heap   total 48128K, used 14318K [0x00000000c1600000, 0x0000000100000000)
  region size 1024K, 1 young (1024K), 1 survivors (1024K)
 Metaspace       used 26466K, committed 26688K, reserved 1073152K
  class space    used 3057K, committed 3136K, reserved 1048576K
}
Event: 88.444 GC heap before
{Heap before GC invocations=8 (full 0):
 garbage-first heap   total 48128K, used 34798K [0x00000000c1600000, 0x0000000100000000)
  region size 1024K, 21 young (21504K), 1 survivors (1024K)
 Metaspace       used 29235K, committed 29504K, reserved 1081344K
  class space    used 3471K, committed 3584K, reserved 1048576K
}
Event: 88.465 GC heap after
{Heap after GC invocations=9 (full 0):
 garbage-first heap   total 48128K, used 15811K [0x00000000c1600000, 0x0000000100000000)
  region size 1024K, 2 young (2048K), 2 survivors (2048K)
 Metaspace       used 29235K, committed 29504K, reserved 1081344K
  class space    used 3471K, committed 3584K, reserved 1048576K
}
Event: 90.739 GC heap before
{Heap before GC invocations=9 (full 0):
 garbage-first heap   total 48128K, used 35267K [0x00000000c1600000, 0x0000000100000000)
  region size 1024K, 21 young (21504K), 2 survivors (2048K)
 Metaspace       used 33151K, committed 33408K, reserved 1081344K
  class space    used 3928K, committed 4032K, reserved 1048576K
}
Event: 90.763 GC heap after
{Heap after GC invocations=10 (full 0):
 garbage-first heap   total 48128K, used 16576K [0x00000000c1600000, 0x0000000100000000)
  region size 1024K, 1 young (1024K), 1 survivors (1024K)
 Metaspace       used 33151K, committed 33408K, reserved 1081344K
  class space    used 3928K, committed 4032K, reserved 1048576K
}
Event: 96.176 GC heap before
{Heap before GC invocations=10 (full 0):
 garbage-first heap   total 48128K, used 36032K [0x00000000c1600000, 0x0000000100000000)
  region size 1024K, 21 young (21504K), 1 survivors (1024K)
 Metaspace       used 33542K, committed 33792K, reserved 1081344K
  class space    used 3963K, committed 4096K, reserved 1048576K
}
Event: 96.223 GC heap after
{Heap after GC invocations=11 (full 0):
 garbage-first heap   total 48128K, used 17522K [0x00000000c1600000, 0x0000000100000000)
  region size 1024K, 2 young (2048K), 2 survivors (2048K)
 Metaspace       used 33542K, committed 33792K, reserved 1081344K
  class space    used 3963K, committed 4096K, reserved 1048576K
}
Event: 100.047 GC heap before
{Heap before GC invocations=11 (full 0):
 garbage-first heap   total 48128K, used 36978K [0x00000000c1600000, 0x0000000100000000)
  region size 1024K, 21 young (21504K), 2 survivors (2048K)
 Metaspace       used 35556K, committed 35840K, reserved 1081344K
  class space    used 4215K, committed 4352K, reserved 1048576K
}
Event: 100.078 GC heap after
{Heap after GC invocations=12 (full 0):
 garbage-first heap   total 48128K, used 18631K [0x00000000c1600000, 0x0000000100000000)
  region size 1024K, 3 young (3072K), 3 survivors (3072K)
 Metaspace       used 35556K, committed 35840K, reserved 1081344K
  class space    used 4215K, committed 4352K, reserved 1048576K
}
Event: 100.731 GC heap before
{Heap before GC invocations=12 (full 0):
 garbage-first heap   total 48128K, used 20679K [0x00000000c1600000, 0x0000000100000000)
  region size 1024K, 6 young (6144K), 3 survivors (3072K)
 Metaspace       used 35719K, committed 35968K, reserved 1081344K
  class space    used 4235K, committed 4352K, reserved 1048576K
}
Event: 100.752 GC heap after
{Heap after GC invocations=13 (full 0):
 garbage-first heap   total 48128K, used 18680K [0x00000000c1600000, 0x0000000100000000)
  region size 1024K, 2 young (2048K), 2 survivors (2048K)
 Metaspace       used 35719K, committed 35968K, reserved 1081344K
  class space    used 4235K, committed 4352K, reserved 1048576K
}
Event: 129.968 GC heap before
{Heap before GC invocations=14 (full 0):
 garbage-first heap   total 48128K, used 37112K [0x00000000c1600000, 0x0000000100000000)
  region size 1024K, 20 young (20480K), 2 survivors (2048K)
 Metaspace       used 38226K, committed 38528K, reserved 1089536K
  class space    used 4698K, committed 4800K, reserved 1048576K
}
Event: 129.993 GC heap after
{Heap after GC invocations=15 (full 0):
 garbage-first heap   total 48128K, used 19646K [0x00000000c1600000, 0x0000000100000000)
  region size 1024K, 3 young (3072K), 3 survivors (3072K)
 Metaspace       used 38226K, committed 38528K, reserved 1089536K
  class space    used 4698K, committed 4800K, reserved 1048576K
}
Event: 134.397 GC heap before
{Heap before GC invocations=15 (full 0):
 garbage-first heap   total 48128K, used 37054K [0x00000000c1600000, 0x0000000100000000)
  region size 1024K, 20 young (20480K), 3 survivors (3072K)
 Metaspace       used 41175K, committed 41472K, reserved 1089536K
  class space    used 5061K, committed 5184K, reserved 1048576K
}
Event: 134.439 GC heap after
{Heap after GC invocations=16 (full 0):
 garbage-first heap   total 48128K, used 21251K [0x00000000c1600000, 0x0000000100000000)
  region size 1024K, 3 young (3072K), 3 survivors (3072K)
 Metaspace       used 41175K, committed 41472K, reserved 1089536K
  class space    used 5061K, committed 5184K, reserved 1048576K
}
Event: 161.219 GC heap before
{Heap before GC invocations=16 (full 0):
 garbage-first heap   total 48128K, used 37635K [0x00000000c1600000, 0x0000000100000000)
  region size 1024K, 19 young (19456K), 3 survivors (3072K)
 Metaspace       used 44109K, committed 44480K, reserved 1089536K
  class space    used 5444K, committed 5632K, reserved 1048576K
}
Event: 161.268 GC heap after
{Heap after GC invocations=17 (full 0):
 garbage-first heap   total 48128K, used 23265K [0x00000000c1600000, 0x0000000100000000)
  region size 1024K, 2 young (2048K), 2 survivors (2048K)
 Metaspace       used 44109K, committed 44480K, reserved 1089536K
  class space    used 5444K, committed 5632K, reserved 1048576K
}
Event: 188.900 GC heap before
{Heap before GC invocations=17 (full 0):
 garbage-first heap   total 48128K, used 37601K [0x00000000c1600000, 0x0000000100000000)
  region size 1024K, 16 young (16384K), 2 survivors (2048K)
 Metaspace       used 46885K, committed 47296K, reserved 1097728K
  class space    used 5816K, committed 6016K, reserved 1048576K
}
Event: 188.928 GC heap after
{Heap after GC invocations=18 (full 0):
 garbage-first heap   total 48128K, used 24521K [0x00000000c1600000, 0x0000000100000000)
  region size 1024K, 2 young (2048K), 2 survivors (2048K)
 Metaspace       used 46885K, committed 47296K, reserved 1097728K
  class space    used 5816K, committed 6016K, reserved 1048576K
}

